CRITICAL - 2024-11-11 05:23:38 --> Error: Call to undefined function CodeIgniter\Shield\Authentication\Authenticators\setting()
[Method: GET, Route: /]
in FCPATH\vendor\codeigniter4\shield\src\Authentication\Authenticators\Session.php on line 685.
 1 FCPATH\vendor\codeigniter4\shield\src\Authentication\Authenticators\Session.php(703): CodeIgniter\Shield\Authentication\Authenticators\Session->getSessionUserInfo()
 2 FCPATH\vendor\codeigniter4\shield\src\Authentication\Authenticators\Session.php(390): CodeIgniter\Shield\Authentication\Authenticators\Session->getSessionUserKey('id')
 3 FCPATH\vendor\codeigniter4\shield\src\Authentication\Authenticators\Session.php(374): CodeIgniter\Shield\Authentication\Authenticators\Session->checkUserState()
 4 FCPATH\vendor\codeigniter4\shield\src\Auth.php(191): CodeIgniter\Shield\Authentication\Authenticators\Session->loggedIn()
 5 FCPATH\vendor\codeigniter4\shield\src\Collectors\Auth.php(76): CodeIgniter\Shield\Auth->__call('loggedIn', [])
 6 SYSTEMPATH\Debug\Toolbar\Collectors\BaseCollector.php(228): CodeIgniter\Shield\Collectors\Auth->display()
 7 SYSTEMPATH\Debug\Toolbar.php(96): CodeIgniter\Debug\Toolbar\Collectors\BaseCollector->getAsArray()
 8 SYSTEMPATH\Debug\Toolbar.php(391): CodeIgniter\Debug\Toolbar->run(1731302616.651131, 1.7394, Object(CodeIgniter\HTTP\IncomingRequest), Object(CodeIgniter\HTTP\Response))
 9 SYSTEMPATH\Filters\DebugToolbar.php(43): CodeIgniter\Debug\Toolbar->prepare(Object(CodeIgniter\HTTP\IncomingRequest), Object(CodeIgniter\HTTP\Response))
10 SYSTEMPATH\Filters\Filters.php(241): CodeIgniter\Filters\DebugToolbar->after(Object(CodeIgniter\HTTP\IncomingRequest), Object(CodeIgniter\HTTP\Response), null)
11 SYSTEMPATH\Filters\Filters.php(291): CodeIgniter\Filters\Filters->runAfter([...])
12 SYSTEMPATH\CodeIgniter.php(409): CodeIgniter\Filters\Filters->runRequired('after')
13 SYSTEMPATH\CodeIgniter.php(372): CodeIgniter\CodeIgniter->runRequiredAfterFilters(Object(CodeIgniter\Filters\Filters))
14 SYSTEMPATH\Boot.php(325): CodeIgniter\CodeIgniter->run()
15 SYSTEMPATH\Boot.php(67): CodeIgniter\Boot::runCodeIgniter(Object(CodeIgniter\CodeIgniter))
16 FCPATH\index.php(56): CodeIgniter\Boot::bootWeb(Object(Config\Paths))
CRITICAL - 2024-11-11 08:56:05 --> Error: Call to undefined function CodeIgniter\Shield\Authentication\Authenticators\setting()
[Method: GET, Route: /]
in FCPATH\vendor\codeigniter4\shield\src\Authentication\Authenticators\Session.php on line 685.
 1 FCPATH\vendor\codeigniter4\shield\src\Authentication\Authenticators\Session.php(703): CodeIgniter\Shield\Authentication\Authenticators\Session->getSessionUserInfo()
 2 FCPATH\vendor\codeigniter4\shield\src\Authentication\Authenticators\Session.php(390): CodeIgniter\Shield\Authentication\Authenticators\Session->getSessionUserKey('id')
 3 FCPATH\vendor\codeigniter4\shield\src\Authentication\Authenticators\Session.php(374): CodeIgniter\Shield\Authentication\Authenticators\Session->checkUserState()
 4 FCPATH\vendor\codeigniter4\shield\src\Auth.php(191): CodeIgniter\Shield\Authentication\Authenticators\Session->loggedIn()
 5 FCPATH\vendor\codeigniter4\shield\src\Collectors\Auth.php(76): CodeIgniter\Shield\Auth->__call('loggedIn', [])
 6 SYSTEMPATH\Debug\Toolbar\Collectors\BaseCollector.php(228): CodeIgniter\Shield\Collectors\Auth->display()
 7 SYSTEMPATH\Debug\Toolbar.php(96): CodeIgniter\Debug\Toolbar\Collectors\BaseCollector->getAsArray()
 8 SYSTEMPATH\Debug\Toolbar.php(391): CodeIgniter\Debug\Toolbar->run(1731315365.292579, 0.0696, Object(CodeIgniter\HTTP\IncomingRequest), Object(CodeIgniter\HTTP\Response))
 9 SYSTEMPATH\Filters\DebugToolbar.php(43): CodeIgniter\Debug\Toolbar->prepare(Object(CodeIgniter\HTTP\IncomingRequest), Object(CodeIgniter\HTTP\Response))
10 SYSTEMPATH\Filters\Filters.php(241): CodeIgniter\Filters\DebugToolbar->after(Object(CodeIgniter\HTTP\IncomingRequest), Object(CodeIgniter\HTTP\Response), null)
11 SYSTEMPATH\Filters\Filters.php(291): CodeIgniter\Filters\Filters->runAfter([...])
12 SYSTEMPATH\CodeIgniter.php(409): CodeIgniter\Filters\Filters->runRequired('after')
13 SYSTEMPATH\CodeIgniter.php(372): CodeIgniter\CodeIgniter->runRequiredAfterFilters(Object(CodeIgniter\Filters\Filters))
14 SYSTEMPATH\Boot.php(325): CodeIgniter\CodeIgniter->run()
15 SYSTEMPATH\Boot.php(67): CodeIgniter\Boot::runCodeIgniter(Object(CodeIgniter\CodeIgniter))
16 FCPATH\index.php(56): CodeIgniter\Boot::bootWeb(Object(Config\Paths))
CRITICAL - 2024-11-11 08:56:58 --> Error: Call to undefined function CodeIgniter\Shield\Authentication\Authenticators\setting()
[Method: GET, Route: /]
in FCPATH\vendor\codeigniter4\shield\src\Authentication\Authenticators\Session.php on line 685.
 1 FCPATH\vendor\codeigniter4\shield\src\Authentication\Authenticators\Session.php(703): CodeIgniter\Shield\Authentication\Authenticators\Session->getSessionUserInfo()
 2 FCPATH\vendor\codeigniter4\shield\src\Authentication\Authenticators\Session.php(390): CodeIgniter\Shield\Authentication\Authenticators\Session->getSessionUserKey('id')
 3 FCPATH\vendor\codeigniter4\shield\src\Authentication\Authenticators\Session.php(374): CodeIgniter\Shield\Authentication\Authenticators\Session->checkUserState()
 4 FCPATH\vendor\codeigniter4\shield\src\Auth.php(191): CodeIgniter\Shield\Authentication\Authenticators\Session->loggedIn()
 5 FCPATH\vendor\codeigniter4\shield\src\Collectors\Auth.php(76): CodeIgniter\Shield\Auth->__call('loggedIn', [])
 6 SYSTEMPATH\Debug\Toolbar\Collectors\BaseCollector.php(228): CodeIgniter\Shield\Collectors\Auth->display()
 7 SYSTEMPATH\Debug\Toolbar.php(96): CodeIgniter\Debug\Toolbar\Collectors\BaseCollector->getAsArray()
 8 SYSTEMPATH\Debug\Toolbar.php(391): CodeIgniter\Debug\Toolbar->run(1731315418.611498, 0.0556, Object(CodeIgniter\HTTP\IncomingRequest), Object(CodeIgniter\HTTP\Response))
 9 SYSTEMPATH\Filters\DebugToolbar.php(43): CodeIgniter\Debug\Toolbar->prepare(Object(CodeIgniter\HTTP\IncomingRequest), Object(CodeIgniter\HTTP\Response))
10 SYSTEMPATH\Filters\Filters.php(241): CodeIgniter\Filters\DebugToolbar->after(Object(CodeIgniter\HTTP\IncomingRequest), Object(CodeIgniter\HTTP\Response), null)
11 SYSTEMPATH\Filters\Filters.php(291): CodeIgniter\Filters\Filters->runAfter([...])
12 SYSTEMPATH\CodeIgniter.php(409): CodeIgniter\Filters\Filters->runRequired('after')
13 SYSTEMPATH\CodeIgniter.php(372): CodeIgniter\CodeIgniter->runRequiredAfterFilters(Object(CodeIgniter\Filters\Filters))
14 SYSTEMPATH\Boot.php(325): CodeIgniter\CodeIgniter->run()
15 SYSTEMPATH\Boot.php(67): CodeIgniter\Boot::runCodeIgniter(Object(CodeIgniter\CodeIgniter))
16 FCPATH\index.php(56): CodeIgniter\Boot::bootWeb(Object(Config\Paths))
CRITICAL - 2024-11-11 08:57:00 --> Error: Call to undefined function CodeIgniter\Shield\Authentication\Authenticators\setting()
[Method: GET, Route: /]
in FCPATH\vendor\codeigniter4\shield\src\Authentication\Authenticators\Session.php on line 685.
 1 FCPATH\vendor\codeigniter4\shield\src\Authentication\Authenticators\Session.php(703): CodeIgniter\Shield\Authentication\Authenticators\Session->getSessionUserInfo()
 2 FCPATH\vendor\codeigniter4\shield\src\Authentication\Authenticators\Session.php(390): CodeIgniter\Shield\Authentication\Authenticators\Session->getSessionUserKey('id')
 3 FCPATH\vendor\codeigniter4\shield\src\Authentication\Authenticators\Session.php(374): CodeIgniter\Shield\Authentication\Authenticators\Session->checkUserState()
 4 FCPATH\vendor\codeigniter4\shield\src\Auth.php(191): CodeIgniter\Shield\Authentication\Authenticators\Session->loggedIn()
 5 FCPATH\vendor\codeigniter4\shield\src\Collectors\Auth.php(76): CodeIgniter\Shield\Auth->__call('loggedIn', [])
 6 SYSTEMPATH\Debug\Toolbar\Collectors\BaseCollector.php(228): CodeIgniter\Shield\Collectors\Auth->display()
 7 SYSTEMPATH\Debug\Toolbar.php(96): CodeIgniter\Debug\Toolbar\Collectors\BaseCollector->getAsArray()
 8 SYSTEMPATH\Debug\Toolbar.php(391): CodeIgniter\Debug\Toolbar->run(1731315420.176519, 0.0517, Object(CodeIgniter\HTTP\IncomingRequest), Object(CodeIgniter\HTTP\Response))
 9 SYSTEMPATH\Filters\DebugToolbar.php(43): CodeIgniter\Debug\Toolbar->prepare(Object(CodeIgniter\HTTP\IncomingRequest), Object(CodeIgniter\HTTP\Response))
10 SYSTEMPATH\Filters\Filters.php(241): CodeIgniter\Filters\DebugToolbar->after(Object(CodeIgniter\HTTP\IncomingRequest), Object(CodeIgniter\HTTP\Response), null)
11 SYSTEMPATH\Filters\Filters.php(291): CodeIgniter\Filters\Filters->runAfter([...])
12 SYSTEMPATH\CodeIgniter.php(409): CodeIgniter\Filters\Filters->runRequired('after')
13 SYSTEMPATH\CodeIgniter.php(372): CodeIgniter\CodeIgniter->runRequiredAfterFilters(Object(CodeIgniter\Filters\Filters))
14 SYSTEMPATH\Boot.php(325): CodeIgniter\CodeIgniter->run()
15 SYSTEMPATH\Boot.php(67): CodeIgniter\Boot::runCodeIgniter(Object(CodeIgniter\CodeIgniter))
16 FCPATH\index.php(56): CodeIgniter\Boot::bootWeb(Object(Config\Paths))
CRITICAL - 2024-11-11 09:04:41 --> CodeIgniter\Shield\Exceptions\SecurityException: Config\Security::$csrfProtection is set to 'cookie'. Same-site attackers may bypass the CSRF protection. Please set it to 'session'.
[Method: GET, Route: /]
in FCPATH\vendor\codeigniter4\shield\src\Authentication\Authenticators\Session.php on line 103.
 1 FCPATH\vendor\codeigniter4\shield\src\Authentication\Authenticators\Session.php(91): CodeIgniter\Shield\Authentication\Authenticators\Session->checkSecurityConfig()
 2 FCPATH\vendor\codeigniter4\shield\src\Authentication\Authentication.php(67): CodeIgniter\Shield\Authentication\Authenticators\Session->__construct(Object(CodeIgniter\Shield\Models\UserModel))
 3 FCPATH\vendor\codeigniter4\shield\src\Auth.php(95): CodeIgniter\Shield\Authentication\Authentication->factory('session')
 4 FCPATH\vendor\codeigniter4\shield\src\Collectors\Auth.php(68): CodeIgniter\Shield\Auth->getAuthenticator()
 5 SYSTEMPATH\Debug\Toolbar\Collectors\BaseCollector.php(227): CodeIgniter\Shield\Collectors\Auth->getTitleDetails()
 6 SYSTEMPATH\Debug\Toolbar.php(96): CodeIgniter\Debug\Toolbar\Collectors\BaseCollector->getAsArray()
 7 SYSTEMPATH\Debug\Toolbar.php(391): CodeIgniter\Debug\Toolbar->run(1731315881.316847, 0.0528, Object(CodeIgniter\HTTP\IncomingRequest), Object(CodeIgniter\HTTP\Response))
 8 SYSTEMPATH\Filters\DebugToolbar.php(43): CodeIgniter\Debug\Toolbar->prepare(Object(CodeIgniter\HTTP\IncomingRequest), Object(CodeIgniter\HTTP\Response))
 9 SYSTEMPATH\Filters\Filters.php(241): CodeIgniter\Filters\DebugToolbar->after(Object(CodeIgniter\HTTP\IncomingRequest), Object(CodeIgniter\HTTP\Response), null)
10 SYSTEMPATH\Filters\Filters.php(291): CodeIgniter\Filters\Filters->runAfter([...])
11 SYSTEMPATH\CodeIgniter.php(409): CodeIgniter\Filters\Filters->runRequired('after')
12 SYSTEMPATH\CodeIgniter.php(372): CodeIgniter\CodeIgniter->runRequiredAfterFilters(Object(CodeIgniter\Filters\Filters))
13 SYSTEMPATH\Boot.php(325): CodeIgniter\CodeIgniter->run()
14 SYSTEMPATH\Boot.php(67): CodeIgniter\Boot::runCodeIgniter(Object(CodeIgniter\CodeIgniter))
15 FCPATH\index.php(56): CodeIgniter\Boot::bootWeb(Object(Config\Paths))
CRITICAL - 2024-11-11 09:05:15 --> Error: Call to undefined function CodeIgniter\Shield\Authentication\Authenticators\setting()
[Method: GET, Route: /]
in FCPATH\vendor\codeigniter4\shield\src\Authentication\Authenticators\Session.php on line 685.
 1 FCPATH\vendor\codeigniter4\shield\src\Authentication\Authenticators\Session.php(703): CodeIgniter\Shield\Authentication\Authenticators\Session->getSessionUserInfo()
 2 FCPATH\vendor\codeigniter4\shield\src\Authentication\Authenticators\Session.php(390): CodeIgniter\Shield\Authentication\Authenticators\Session->getSessionUserKey('id')
 3 FCPATH\vendor\codeigniter4\shield\src\Authentication\Authenticators\Session.php(374): CodeIgniter\Shield\Authentication\Authenticators\Session->checkUserState()
 4 FCPATH\vendor\codeigniter4\shield\src\Auth.php(191): CodeIgniter\Shield\Authentication\Authenticators\Session->loggedIn()
 5 FCPATH\vendor\codeigniter4\shield\src\Collectors\Auth.php(76): CodeIgniter\Shield\Auth->__call('loggedIn', [])
 6 SYSTEMPATH\Debug\Toolbar\Collectors\BaseCollector.php(228): CodeIgniter\Shield\Collectors\Auth->display()
 7 SYSTEMPATH\Debug\Toolbar.php(96): CodeIgniter\Debug\Toolbar\Collectors\BaseCollector->getAsArray()
 8 SYSTEMPATH\Debug\Toolbar.php(391): CodeIgniter\Debug\Toolbar->run(1731315915.829642, 0.0646, Object(CodeIgniter\HTTP\IncomingRequest), Object(CodeIgniter\HTTP\Response))
 9 SYSTEMPATH\Filters\DebugToolbar.php(43): CodeIgniter\Debug\Toolbar->prepare(Object(CodeIgniter\HTTP\IncomingRequest), Object(CodeIgniter\HTTP\Response))
10 SYSTEMPATH\Filters\Filters.php(241): CodeIgniter\Filters\DebugToolbar->after(Object(CodeIgniter\HTTP\IncomingRequest), Object(CodeIgniter\HTTP\Response), null)
11 SYSTEMPATH\Filters\Filters.php(291): CodeIgniter\Filters\Filters->runAfter([...])
12 SYSTEMPATH\CodeIgniter.php(409): CodeIgniter\Filters\Filters->runRequired('after')
13 SYSTEMPATH\CodeIgniter.php(372): CodeIgniter\CodeIgniter->runRequiredAfterFilters(Object(CodeIgniter\Filters\Filters))
14 SYSTEMPATH\Boot.php(325): CodeIgniter\CodeIgniter->run()
15 SYSTEMPATH\Boot.php(67): CodeIgniter\Boot::runCodeIgniter(Object(CodeIgniter\CodeIgniter))
16 FCPATH\index.php(56): CodeIgniter\Boot::bootWeb(Object(Config\Paths))
CRITICAL - 2024-11-11 09:08:25 --> Error: Call to undefined function CodeIgniter\Shield\Authentication\Authenticators\setting()
[Method: GET, Route: /]
in FCPATH\vendor\codeigniter4\shield\src\Authentication\Authenticators\Session.php on line 685.
 1 FCPATH\vendor\codeigniter4\shield\src\Authentication\Authenticators\Session.php(703): CodeIgniter\Shield\Authentication\Authenticators\Session->getSessionUserInfo()
 2 FCPATH\vendor\codeigniter4\shield\src\Authentication\Authenticators\Session.php(390): CodeIgniter\Shield\Authentication\Authenticators\Session->getSessionUserKey('id')
 3 FCPATH\vendor\codeigniter4\shield\src\Authentication\Authenticators\Session.php(374): CodeIgniter\Shield\Authentication\Authenticators\Session->checkUserState()
 4 FCPATH\vendor\codeigniter4\shield\src\Auth.php(191): CodeIgniter\Shield\Authentication\Authenticators\Session->loggedIn()
 5 FCPATH\vendor\codeigniter4\shield\src\Collectors\Auth.php(76): CodeIgniter\Shield\Auth->__call('loggedIn', [])
 6 SYSTEMPATH\Debug\Toolbar\Collectors\BaseCollector.php(228): CodeIgniter\Shield\Collectors\Auth->display()
 7 SYSTEMPATH\Debug\Toolbar.php(96): CodeIgniter\Debug\Toolbar\Collectors\BaseCollector->getAsArray()
 8 SYSTEMPATH\Debug\Toolbar.php(391): CodeIgniter\Debug\Toolbar->run(1731316105.494273, 0.0478, Object(CodeIgniter\HTTP\IncomingRequest), Object(CodeIgniter\HTTP\Response))
 9 SYSTEMPATH\Filters\DebugToolbar.php(43): CodeIgniter\Debug\Toolbar->prepare(Object(CodeIgniter\HTTP\IncomingRequest), Object(CodeIgniter\HTTP\Response))
10 SYSTEMPATH\Filters\Filters.php(241): CodeIgniter\Filters\DebugToolbar->after(Object(CodeIgniter\HTTP\IncomingRequest), Object(CodeIgniter\HTTP\Response), null)
11 SYSTEMPATH\Filters\Filters.php(291): CodeIgniter\Filters\Filters->runAfter([...])
12 SYSTEMPATH\CodeIgniter.php(409): CodeIgniter\Filters\Filters->runRequired('after')
13 SYSTEMPATH\CodeIgniter.php(372): CodeIgniter\CodeIgniter->runRequiredAfterFilters(Object(CodeIgniter\Filters\Filters))
14 SYSTEMPATH\Boot.php(325): CodeIgniter\CodeIgniter->run()
15 SYSTEMPATH\Boot.php(67): CodeIgniter\Boot::runCodeIgniter(Object(CodeIgniter\CodeIgniter))
16 FCPATH\index.php(56): CodeIgniter\Boot::bootWeb(Object(Config\Paths))
CRITICAL - 2024-11-11 09:08:27 --> Error: Call to undefined function CodeIgniter\Shield\Authentication\Authenticators\setting()
[Method: GET, Route: /]
in FCPATH\vendor\codeigniter4\shield\src\Authentication\Authenticators\Session.php on line 685.
 1 FCPATH\vendor\codeigniter4\shield\src\Authentication\Authenticators\Session.php(703): CodeIgniter\Shield\Authentication\Authenticators\Session->getSessionUserInfo()
 2 FCPATH\vendor\codeigniter4\shield\src\Authentication\Authenticators\Session.php(390): CodeIgniter\Shield\Authentication\Authenticators\Session->getSessionUserKey('id')
 3 FCPATH\vendor\codeigniter4\shield\src\Authentication\Authenticators\Session.php(374): CodeIgniter\Shield\Authentication\Authenticators\Session->checkUserState()
 4 FCPATH\vendor\codeigniter4\shield\src\Auth.php(191): CodeIgniter\Shield\Authentication\Authenticators\Session->loggedIn()
 5 FCPATH\vendor\codeigniter4\shield\src\Collectors\Auth.php(76): CodeIgniter\Shield\Auth->__call('loggedIn', [])
 6 SYSTEMPATH\Debug\Toolbar\Collectors\BaseCollector.php(228): CodeIgniter\Shield\Collectors\Auth->display()
 7 SYSTEMPATH\Debug\Toolbar.php(96): CodeIgniter\Debug\Toolbar\Collectors\BaseCollector->getAsArray()
 8 SYSTEMPATH\Debug\Toolbar.php(391): CodeIgniter\Debug\Toolbar->run(1731316107.540323, 0.0518, Object(CodeIgniter\HTTP\IncomingRequest), Object(CodeIgniter\HTTP\Response))
 9 SYSTEMPATH\Filters\DebugToolbar.php(43): CodeIgniter\Debug\Toolbar->prepare(Object(CodeIgniter\HTTP\IncomingRequest), Object(CodeIgniter\HTTP\Response))
10 SYSTEMPATH\Filters\Filters.php(241): CodeIgniter\Filters\DebugToolbar->after(Object(CodeIgniter\HTTP\IncomingRequest), Object(CodeIgniter\HTTP\Response), null)
11 SYSTEMPATH\Filters\Filters.php(291): CodeIgniter\Filters\Filters->runAfter([...])
12 SYSTEMPATH\CodeIgniter.php(409): CodeIgniter\Filters\Filters->runRequired('after')
13 SYSTEMPATH\CodeIgniter.php(372): CodeIgniter\CodeIgniter->runRequiredAfterFilters(Object(CodeIgniter\Filters\Filters))
14 SYSTEMPATH\Boot.php(325): CodeIgniter\CodeIgniter->run()
15 SYSTEMPATH\Boot.php(67): CodeIgniter\Boot::runCodeIgniter(Object(CodeIgniter\CodeIgniter))
16 FCPATH\index.php(56): CodeIgniter\Boot::bootWeb(Object(Config\Paths))
CRITICAL - 2024-11-11 09:40:03 --> Error: Call to undefined function CodeIgniter\Shield\Authentication\Authenticators\setting()
[Method: GET, Route: /]
in FCPATH\vendor\codeigniter4\shield\src\Authentication\Authenticators\Session.php on line 685.
 1 FCPATH\vendor\codeigniter4\shield\src\Authentication\Authenticators\Session.php(703): CodeIgniter\Shield\Authentication\Authenticators\Session->getSessionUserInfo()
 2 FCPATH\vendor\codeigniter4\shield\src\Authentication\Authenticators\Session.php(390): CodeIgniter\Shield\Authentication\Authenticators\Session->getSessionUserKey('id')
 3 FCPATH\vendor\codeigniter4\shield\src\Authentication\Authenticators\Session.php(374): CodeIgniter\Shield\Authentication\Authenticators\Session->checkUserState()
 4 FCPATH\vendor\codeigniter4\shield\src\Auth.php(191): CodeIgniter\Shield\Authentication\Authenticators\Session->loggedIn()
 5 FCPATH\vendor\codeigniter4\shield\src\Collectors\Auth.php(76): CodeIgniter\Shield\Auth->__call('loggedIn', [])
 6 SYSTEMPATH\Debug\Toolbar\Collectors\BaseCollector.php(228): CodeIgniter\Shield\Collectors\Auth->display()
 7 SYSTEMPATH\Debug\Toolbar.php(96): CodeIgniter\Debug\Toolbar\Collectors\BaseCollector->getAsArray()
 8 SYSTEMPATH\Debug\Toolbar.php(391): CodeIgniter\Debug\Toolbar->run(1731318003.348838, 0.0735, Object(CodeIgniter\HTTP\IncomingRequest), Object(CodeIgniter\HTTP\Response))
 9 SYSTEMPATH\Filters\DebugToolbar.php(43): CodeIgniter\Debug\Toolbar->prepare(Object(CodeIgniter\HTTP\IncomingRequest), Object(CodeIgniter\HTTP\Response))
10 SYSTEMPATH\Filters\Filters.php(241): CodeIgniter\Filters\DebugToolbar->after(Object(CodeIgniter\HTTP\IncomingRequest), Object(CodeIgniter\HTTP\Response), null)
11 SYSTEMPATH\Filters\Filters.php(291): CodeIgniter\Filters\Filters->runAfter([...])
12 SYSTEMPATH\CodeIgniter.php(409): CodeIgniter\Filters\Filters->runRequired('after')
13 SYSTEMPATH\CodeIgniter.php(372): CodeIgniter\CodeIgniter->runRequiredAfterFilters(Object(CodeIgniter\Filters\Filters))
14 SYSTEMPATH\Boot.php(325): CodeIgniter\CodeIgniter->run()
15 SYSTEMPATH\Boot.php(67): CodeIgniter\Boot::runCodeIgniter(Object(CodeIgniter\CodeIgniter))
16 FCPATH\index.php(56): CodeIgniter\Boot::bootWeb(Object(Config\Paths))
CRITICAL - 2024-11-11 09:40:28 --> ErrorException: Trying to access array offset on value of type null
[Method: GET, Route: /]
in FCPATH\vendor\codeigniter4\shield\src\Authentication\Authenticators\Session.php on line 685.
 1 FCPATH\vendor\codeigniter4\shield\src\Authentication\Authenticators\Session.php(685): CodeIgniter\Debug\Exceptions->errorHandler(2, 'Trying to access array offset on value of type null', 'C:\\xampp\\htdocs\\ci_blog\\vendor\\codeigniter4\\shield\\src\\Authentication\\Authenticators\\Session.php', 685)
 2 FCPATH\vendor\codeigniter4\shield\src\Authentication\Authenticators\Session.php(703): CodeIgniter\Shield\Authentication\Authenticators\Session->getSessionUserInfo()
 3 FCPATH\vendor\codeigniter4\shield\src\Authentication\Authenticators\Session.php(390): CodeIgniter\Shield\Authentication\Authenticators\Session->getSessionUserKey('id')
 4 FCPATH\vendor\codeigniter4\shield\src\Authentication\Authenticators\Session.php(374): CodeIgniter\Shield\Authentication\Authenticators\Session->checkUserState()
 5 FCPATH\vendor\codeigniter4\shield\src\Auth.php(191): CodeIgniter\Shield\Authentication\Authenticators\Session->loggedIn()
 6 FCPATH\vendor\codeigniter4\shield\src\Collectors\Auth.php(76): CodeIgniter\Shield\Auth->__call('loggedIn', [])
 7 SYSTEMPATH\Debug\Toolbar\Collectors\BaseCollector.php(228): CodeIgniter\Shield\Collectors\Auth->display()
 8 SYSTEMPATH\Debug\Toolbar.php(96): CodeIgniter\Debug\Toolbar\Collectors\BaseCollector->getAsArray()
 9 SYSTEMPATH\Debug\Toolbar.php(391): CodeIgniter\Debug\Toolbar->run(1731318028.548216, 0.0543, Object(CodeIgniter\HTTP\IncomingRequest), Object(CodeIgniter\HTTP\Response))
10 SYSTEMPATH\Filters\DebugToolbar.php(43): CodeIgniter\Debug\Toolbar->prepare(Object(CodeIgniter\HTTP\IncomingRequest), Object(CodeIgniter\HTTP\Response))
11 SYSTEMPATH\Filters\Filters.php(241): CodeIgniter\Filters\DebugToolbar->after(Object(CodeIgniter\HTTP\IncomingRequest), Object(CodeIgniter\HTTP\Response), null)
12 SYSTEMPATH\Filters\Filters.php(291): CodeIgniter\Filters\Filters->runAfter([...])
13 SYSTEMPATH\CodeIgniter.php(409): CodeIgniter\Filters\Filters->runRequired('after')
14 SYSTEMPATH\CodeIgniter.php(372): CodeIgniter\CodeIgniter->runRequiredAfterFilters(Object(CodeIgniter\Filters\Filters))
15 SYSTEMPATH\Boot.php(325): CodeIgniter\CodeIgniter->run()
16 SYSTEMPATH\Boot.php(67): CodeIgniter\Boot::runCodeIgniter(Object(CodeIgniter\CodeIgniter))
17 FCPATH\index.php(56): CodeIgniter\Boot::bootWeb(Object(Config\Paths))
CRITICAL - 2024-11-11 09:42:21 --> Error: Call to undefined function CodeIgniter\Shield\Authentication\Authenticators\setting()
[Method: GET, Route: /]
in FCPATH\vendor\codeigniter4\shield\src\Authentication\Authenticators\Session.php on line 685.
 1 FCPATH\vendor\codeigniter4\shield\src\Authentication\Authenticators\Session.php(703): CodeIgniter\Shield\Authentication\Authenticators\Session->getSessionUserInfo()
 2 FCPATH\vendor\codeigniter4\shield\src\Authentication\Authenticators\Session.php(390): CodeIgniter\Shield\Authentication\Authenticators\Session->getSessionUserKey('id')
 3 FCPATH\vendor\codeigniter4\shield\src\Authentication\Authenticators\Session.php(374): CodeIgniter\Shield\Authentication\Authenticators\Session->checkUserState()
 4 FCPATH\vendor\codeigniter4\shield\src\Auth.php(191): CodeIgniter\Shield\Authentication\Authenticators\Session->loggedIn()
 5 FCPATH\vendor\codeigniter4\shield\src\Collectors\Auth.php(76): CodeIgniter\Shield\Auth->__call('loggedIn', [])
 6 SYSTEMPATH\Debug\Toolbar\Collectors\BaseCollector.php(228): CodeIgniter\Shield\Collectors\Auth->display()
 7 SYSTEMPATH\Debug\Toolbar.php(96): CodeIgniter\Debug\Toolbar\Collectors\BaseCollector->getAsArray()
 8 SYSTEMPATH\Debug\Toolbar.php(391): CodeIgniter\Debug\Toolbar->run(1731318141.118927, 0.0488, Object(CodeIgniter\HTTP\IncomingRequest), Object(CodeIgniter\HTTP\Response))
 9 SYSTEMPATH\Filters\DebugToolbar.php(43): CodeIgniter\Debug\Toolbar->prepare(Object(CodeIgniter\HTTP\IncomingRequest), Object(CodeIgniter\HTTP\Response))
10 SYSTEMPATH\Filters\Filters.php(241): CodeIgniter\Filters\DebugToolbar->after(Object(CodeIgniter\HTTP\IncomingRequest), Object(CodeIgniter\HTTP\Response), null)
11 SYSTEMPATH\Filters\Filters.php(291): CodeIgniter\Filters\Filters->runAfter([...])
12 SYSTEMPATH\CodeIgniter.php(409): CodeIgniter\Filters\Filters->runRequired('after')
13 SYSTEMPATH\CodeIgniter.php(372): CodeIgniter\CodeIgniter->runRequiredAfterFilters(Object(CodeIgniter\Filters\Filters))
14 SYSTEMPATH\Boot.php(325): CodeIgniter\CodeIgniter->run()
15 SYSTEMPATH\Boot.php(67): CodeIgniter\Boot::runCodeIgniter(Object(CodeIgniter\CodeIgniter))
16 FCPATH\index.php(56): CodeIgniter\Boot::bootWeb(Object(Config\Paths))
INFO - 2024-11-11 10:52:23 --> Session: Class initialized using 'CodeIgniter\Session\Handlers\FileHandler' driver.
CRITICAL - 2024-11-11 10:52:23 --> Error: Call to undefined function CodeIgniter\Shield\Authentication\Authenticators\setting()
[Method: GET, Route: /]
in FCPATH\vendor\codeigniter4\shield\src\Authentication\Authenticators\Session.php on line 420.
 1 FCPATH\vendor\codeigniter4\shield\src\Authentication\Authenticators\Session.php(374): CodeIgniter\Shield\Authentication\Authenticators\Session->checkUserState()
 2 FCPATH\vendor\codeigniter4\shield\src\Auth.php(191): CodeIgniter\Shield\Authentication\Authenticators\Session->loggedIn()
 3 FCPATH\vendor\codeigniter4\shield\src\Collectors\Auth.php(76): CodeIgniter\Shield\Auth->__call('loggedIn', [])
 4 SYSTEMPATH\Debug\Toolbar\Collectors\BaseCollector.php(228): CodeIgniter\Shield\Collectors\Auth->display()
 5 SYSTEMPATH\Debug\Toolbar.php(96): CodeIgniter\Debug\Toolbar\Collectors\BaseCollector->getAsArray()
 6 SYSTEMPATH\Debug\Toolbar.php(391): CodeIgniter\Debug\Toolbar->run(1731322343.598875, 0.0745, Object(CodeIgniter\HTTP\IncomingRequest), Object(CodeIgniter\HTTP\Response))
 7 SYSTEMPATH\Filters\DebugToolbar.php(43): CodeIgniter\Debug\Toolbar->prepare(Object(CodeIgniter\HTTP\IncomingRequest), Object(CodeIgniter\HTTP\Response))
 8 SYSTEMPATH\Filters\Filters.php(241): CodeIgniter\Filters\DebugToolbar->after(Object(CodeIgniter\HTTP\IncomingRequest), Object(CodeIgniter\HTTP\Response), null)
 9 SYSTEMPATH\Filters\Filters.php(291): CodeIgniter\Filters\Filters->runAfter([...])
10 SYSTEMPATH\CodeIgniter.php(409): CodeIgniter\Filters\Filters->runRequired('after')
11 SYSTEMPATH\CodeIgniter.php(372): CodeIgniter\CodeIgniter->runRequiredAfterFilters(Object(CodeIgniter\Filters\Filters))
12 SYSTEMPATH\Boot.php(325): CodeIgniter\CodeIgniter->run()
13 SYSTEMPATH\Boot.php(67): CodeIgniter\Boot::runCodeIgniter(Object(CodeIgniter\CodeIgniter))
14 FCPATH\index.php(56): CodeIgniter\Boot::bootWeb(Object(Config\Paths))
CRITICAL - 2024-11-11 10:52:50 --> Error: Call to undefined function CodeIgniter\Shield\Authentication\Authenticators\setting()
[Method: GET, Route: /]
in FCPATH\vendor\codeigniter4\shield\src\Authentication\Authenticators\Session.php on line 685.
 1 FCPATH\vendor\codeigniter4\shield\src\Authentication\Authenticators\Session.php(703): CodeIgniter\Shield\Authentication\Authenticators\Session->getSessionUserInfo()
 2 FCPATH\vendor\codeigniter4\shield\src\Authentication\Authenticators\Session.php(390): CodeIgniter\Shield\Authentication\Authenticators\Session->getSessionUserKey('id')
 3 FCPATH\vendor\codeigniter4\shield\src\Authentication\Authenticators\Session.php(374): CodeIgniter\Shield\Authentication\Authenticators\Session->checkUserState()
 4 FCPATH\vendor\codeigniter4\shield\src\Auth.php(191): CodeIgniter\Shield\Authentication\Authenticators\Session->loggedIn()
 5 FCPATH\vendor\codeigniter4\shield\src\Collectors\Auth.php(76): CodeIgniter\Shield\Auth->__call('loggedIn', [])
 6 SYSTEMPATH\Debug\Toolbar\Collectors\BaseCollector.php(228): CodeIgniter\Shield\Collectors\Auth->display()
 7 SYSTEMPATH\Debug\Toolbar.php(96): CodeIgniter\Debug\Toolbar\Collectors\BaseCollector->getAsArray()
 8 SYSTEMPATH\Debug\Toolbar.php(391): CodeIgniter\Debug\Toolbar->run(1731322370.378589, 0.0495, Object(CodeIgniter\HTTP\IncomingRequest), Object(CodeIgniter\HTTP\Response))
 9 SYSTEMPATH\Filters\DebugToolbar.php(43): CodeIgniter\Debug\Toolbar->prepare(Object(CodeIgniter\HTTP\IncomingRequest), Object(CodeIgniter\HTTP\Response))
10 SYSTEMPATH\Filters\Filters.php(241): CodeIgniter\Filters\DebugToolbar->after(Object(CodeIgniter\HTTP\IncomingRequest), Object(CodeIgniter\HTTP\Response), null)
11 SYSTEMPATH\Filters\Filters.php(291): CodeIgniter\Filters\Filters->runAfter([...])
12 SYSTEMPATH\CodeIgniter.php(409): CodeIgniter\Filters\Filters->runRequired('after')
13 SYSTEMPATH\CodeIgniter.php(372): CodeIgniter\CodeIgniter->runRequiredAfterFilters(Object(CodeIgniter\Filters\Filters))
14 SYSTEMPATH\Boot.php(325): CodeIgniter\CodeIgniter->run()
15 SYSTEMPATH\Boot.php(67): CodeIgniter\Boot::runCodeIgniter(Object(CodeIgniter\CodeIgniter))
16 FCPATH\index.php(56): CodeIgniter\Boot::bootWeb(Object(Config\Paths))
CRITICAL - 2024-11-11 10:53:20 --> ErrorException: Trying to access array offset on value of type null
[Method: GET, Route: /]
in FCPATH\vendor\codeigniter4\shield\src\Authentication\Authenticators\Session.php on line 685.
 1 FCPATH\vendor\codeigniter4\shield\src\Authentication\Authenticators\Session.php(685): CodeIgniter\Debug\Exceptions->errorHandler(2, 'Trying to access array offset on value of type null', 'C:\\xampp\\htdocs\\ci_blog\\vendor\\codeigniter4\\shield\\src\\Authentication\\Authenticators\\Session.php', 685)
 2 FCPATH\vendor\codeigniter4\shield\src\Authentication\Authenticators\Session.php(703): CodeIgniter\Shield\Authentication\Authenticators\Session->getSessionUserInfo()
 3 FCPATH\vendor\codeigniter4\shield\src\Authentication\Authenticators\Session.php(390): CodeIgniter\Shield\Authentication\Authenticators\Session->getSessionUserKey('id')
 4 FCPATH\vendor\codeigniter4\shield\src\Authentication\Authenticators\Session.php(374): CodeIgniter\Shield\Authentication\Authenticators\Session->checkUserState()
 5 FCPATH\vendor\codeigniter4\shield\src\Auth.php(191): CodeIgniter\Shield\Authentication\Authenticators\Session->loggedIn()
 6 FCPATH\vendor\codeigniter4\shield\src\Collectors\Auth.php(76): CodeIgniter\Shield\Auth->__call('loggedIn', [])
 7 SYSTEMPATH\Debug\Toolbar\Collectors\BaseCollector.php(228): CodeIgniter\Shield\Collectors\Auth->display()
 8 SYSTEMPATH\Debug\Toolbar.php(96): CodeIgniter\Debug\Toolbar\Collectors\BaseCollector->getAsArray()
 9 SYSTEMPATH\Debug\Toolbar.php(391): CodeIgniter\Debug\Toolbar->run(1731322400.83768, 0.0513, Object(CodeIgniter\HTTP\IncomingRequest), Object(CodeIgniter\HTTP\Response))
10 SYSTEMPATH\Filters\DebugToolbar.php(43): CodeIgniter\Debug\Toolbar->prepare(Object(CodeIgniter\HTTP\IncomingRequest), Object(CodeIgniter\HTTP\Response))
11 SYSTEMPATH\Filters\Filters.php(241): CodeIgniter\Filters\DebugToolbar->after(Object(CodeIgniter\HTTP\IncomingRequest), Object(CodeIgniter\HTTP\Response), null)
12 SYSTEMPATH\Filters\Filters.php(291): CodeIgniter\Filters\Filters->runAfter([...])
13 SYSTEMPATH\CodeIgniter.php(409): CodeIgniter\Filters\Filters->runRequired('after')
14 SYSTEMPATH\CodeIgniter.php(372): CodeIgniter\CodeIgniter->runRequiredAfterFilters(Object(CodeIgniter\Filters\Filters))
15 SYSTEMPATH\Boot.php(325): CodeIgniter\CodeIgniter->run()
16 SYSTEMPATH\Boot.php(67): CodeIgniter\Boot::runCodeIgniter(Object(CodeIgniter\CodeIgniter))
17 FCPATH\index.php(56): CodeIgniter\Boot::bootWeb(Object(Config\Paths))
CRITICAL - 2024-11-11 10:55:16 --> ErrorException: A void function must not return a value
[Method: GET, Route: /]
in FCPATH\vendor\codeigniter4\shield\src\Authentication\Authenticators\Session.php on line 694.
 1 [internal function]: CodeIgniter\Debug\Exceptions->shutdownHandler()
INFO - 2024-11-11 10:57:11 --> Session: Class initialized using 'CodeIgniter\Session\Handlers\FileHandler' driver.
CRITICAL - 2024-11-11 10:57:11 --> Error: Call to undefined function CodeIgniter\Shield\Authentication\Authenticators\setting()
[Method: GET, Route: /]
in FCPATH\vendor\codeigniter4\shield\src\Authentication\Authenticators\Session.php on line 420.
 1 FCPATH\vendor\codeigniter4\shield\src\Authentication\Authenticators\Session.php(374): CodeIgniter\Shield\Authentication\Authenticators\Session->checkUserState()
 2 FCPATH\vendor\codeigniter4\shield\src\Auth.php(191): CodeIgniter\Shield\Authentication\Authenticators\Session->loggedIn()
 3 FCPATH\vendor\codeigniter4\shield\src\Collectors\Auth.php(76): CodeIgniter\Shield\Auth->__call('loggedIn', [])
 4 SYSTEMPATH\Debug\Toolbar\Collectors\BaseCollector.php(228): CodeIgniter\Shield\Collectors\Auth->display()
 5 SYSTEMPATH\Debug\Toolbar.php(96): CodeIgniter\Debug\Toolbar\Collectors\BaseCollector->getAsArray()
 6 SYSTEMPATH\Debug\Toolbar.php(391): CodeIgniter\Debug\Toolbar->run(1731322630.974016, 0.0569, Object(CodeIgniter\HTTP\IncomingRequest), Object(CodeIgniter\HTTP\Response))
 7 SYSTEMPATH\Filters\DebugToolbar.php(43): CodeIgniter\Debug\Toolbar->prepare(Object(CodeIgniter\HTTP\IncomingRequest), Object(CodeIgniter\HTTP\Response))
 8 SYSTEMPATH\Filters\Filters.php(241): CodeIgniter\Filters\DebugToolbar->after(Object(CodeIgniter\HTTP\IncomingRequest), Object(CodeIgniter\HTTP\Response), null)
 9 SYSTEMPATH\Filters\Filters.php(291): CodeIgniter\Filters\Filters->runAfter([...])
10 SYSTEMPATH\CodeIgniter.php(409): CodeIgniter\Filters\Filters->runRequired('after')
11 SYSTEMPATH\CodeIgniter.php(372): CodeIgniter\CodeIgniter->runRequiredAfterFilters(Object(CodeIgniter\Filters\Filters))
12 SYSTEMPATH\Boot.php(325): CodeIgniter\CodeIgniter->run()
13 SYSTEMPATH\Boot.php(67): CodeIgniter\Boot::runCodeIgniter(Object(CodeIgniter\CodeIgniter))
14 FCPATH\index.php(56): CodeIgniter\Boot::bootWeb(Object(Config\Paths))
INFO - 2024-11-11 10:58:05 --> Session: Class initialized using 'CodeIgniter\Session\Handlers\FileHandler' driver.
CRITICAL - 2024-11-11 10:58:05 --> ErrorException: Trying to access array offset on value of type null
[Method: GET, Route: /]
in FCPATH\vendor\codeigniter4\shield\src\Authentication\Authenticators\Session.php on line 420.
 1 FCPATH\vendor\codeigniter4\shield\src\Authentication\Authenticators\Session.php(420): CodeIgniter\Debug\Exceptions->errorHandler(2, 'Trying to access array offset on value of type null', 'C:\\xampp\\htdocs\\ci_blog\\vendor\\codeigniter4\\shield\\src\\Authentication\\Authenticators\\Session.php', 420)
 2 FCPATH\vendor\codeigniter4\shield\src\Authentication\Authenticators\Session.php(374): CodeIgniter\Shield\Authentication\Authenticators\Session->checkUserState()
 3 FCPATH\vendor\codeigniter4\shield\src\Auth.php(191): CodeIgniter\Shield\Authentication\Authenticators\Session->loggedIn()
 4 FCPATH\vendor\codeigniter4\shield\src\Collectors\Auth.php(76): CodeIgniter\Shield\Auth->__call('loggedIn', [])
 5 SYSTEMPATH\Debug\Toolbar\Collectors\BaseCollector.php(228): CodeIgniter\Shield\Collectors\Auth->display()
 6 SYSTEMPATH\Debug\Toolbar.php(96): CodeIgniter\Debug\Toolbar\Collectors\BaseCollector->getAsArray()
 7 SYSTEMPATH\Debug\Toolbar.php(391): CodeIgniter\Debug\Toolbar->run(1731322685.138878, 0.0527, Object(CodeIgniter\HTTP\IncomingRequest), Object(CodeIgniter\HTTP\Response))
 8 SYSTEMPATH\Filters\DebugToolbar.php(43): CodeIgniter\Debug\Toolbar->prepare(Object(CodeIgniter\HTTP\IncomingRequest), Object(CodeIgniter\HTTP\Response))
 9 SYSTEMPATH\Filters\Filters.php(241): CodeIgniter\Filters\DebugToolbar->after(Object(CodeIgniter\HTTP\IncomingRequest), Object(CodeIgniter\HTTP\Response), null)
10 SYSTEMPATH\Filters\Filters.php(291): CodeIgniter\Filters\Filters->runAfter([...])
11 SYSTEMPATH\CodeIgniter.php(409): CodeIgniter\Filters\Filters->runRequired('after')
12 SYSTEMPATH\CodeIgniter.php(372): CodeIgniter\CodeIgniter->runRequiredAfterFilters(Object(CodeIgniter\Filters\Filters))
13 SYSTEMPATH\Boot.php(325): CodeIgniter\CodeIgniter->run()
14 SYSTEMPATH\Boot.php(67): CodeIgniter\Boot::runCodeIgniter(Object(CodeIgniter\CodeIgniter))
15 FCPATH\index.php(56): CodeIgniter\Boot::bootWeb(Object(Config\Paths))
CRITICAL - 2024-11-11 11:08:05 --> ParseError: syntax error, unexpected variable "$this", expecting "function" or "const"
[Method: GET, Route: /]
in FCPATH\vendor\codeigniter4\shield\src\Authentication\Authenticators\Session.php on line 431.
 1 FCPATH\vendor\composer\ClassLoader.php(427): Composer\Autoload\{closure}('C:\\xampp\\htdocs\\ci_blog\\vendor\\composer/../codeigniter4/shield/src/Authentication/Authenticators/Session.php')
 2 FCPATH\vendor\codeigniter4\shield\src\Authentication\Authentication.php(67): Composer\Autoload\ClassLoader->loadClass('CodeIgniter\\Shield\\Authentication\\Authenticators\\Session')
 3 FCPATH\vendor\codeigniter4\shield\src\Auth.php(95): CodeIgniter\Shield\Authentication\Authentication->factory('session')
 4 FCPATH\vendor\codeigniter4\shield\src\Collectors\Auth.php(68): CodeIgniter\Shield\Auth->getAuthenticator()
 5 SYSTEMPATH\Debug\Toolbar\Collectors\BaseCollector.php(227): CodeIgniter\Shield\Collectors\Auth->getTitleDetails()
 6 SYSTEMPATH\Debug\Toolbar.php(96): CodeIgniter\Debug\Toolbar\Collectors\BaseCollector->getAsArray()
 7 SYSTEMPATH\Debug\Toolbar.php(391): CodeIgniter\Debug\Toolbar->run(1731323285.634266, 0.0506, Object(CodeIgniter\HTTP\IncomingRequest), Object(CodeIgniter\HTTP\Response))
 8 SYSTEMPATH\Filters\DebugToolbar.php(43): CodeIgniter\Debug\Toolbar->prepare(Object(CodeIgniter\HTTP\IncomingRequest), Object(CodeIgniter\HTTP\Response))
 9 SYSTEMPATH\Filters\Filters.php(241): CodeIgniter\Filters\DebugToolbar->after(Object(CodeIgniter\HTTP\IncomingRequest), Object(CodeIgniter\HTTP\Response), null)
10 SYSTEMPATH\Filters\Filters.php(291): CodeIgniter\Filters\Filters->runAfter([...])
11 SYSTEMPATH\CodeIgniter.php(409): CodeIgniter\Filters\Filters->runRequired('after')
12 SYSTEMPATH\CodeIgniter.php(372): CodeIgniter\CodeIgniter->runRequiredAfterFilters(Object(CodeIgniter\Filters\Filters))
13 SYSTEMPATH\Boot.php(325): CodeIgniter\CodeIgniter->run()
14 SYSTEMPATH\Boot.php(67): CodeIgniter\Boot::runCodeIgniter(Object(CodeIgniter\CodeIgniter))
15 FCPATH\index.php(56): CodeIgniter\Boot::bootWeb(Object(Config\Paths))
CRITICAL - 2024-11-11 11:08:42 --> Error: Call to undefined function CodeIgniter\Shield\Authentication\Authenticators\setting()
[Method: GET, Route: /]
in FCPATH\vendor\codeigniter4\shield\src\Authentication\Authenticators\Session.php on line 685.
 1 FCPATH\vendor\codeigniter4\shield\src\Authentication\Authenticators\Session.php(703): CodeIgniter\Shield\Authentication\Authenticators\Session->getSessionUserInfo()
 2 FCPATH\vendor\codeigniter4\shield\src\Authentication\Authenticators\Session.php(390): CodeIgniter\Shield\Authentication\Authenticators\Session->getSessionUserKey('id')
 3 FCPATH\vendor\codeigniter4\shield\src\Authentication\Authenticators\Session.php(374): CodeIgniter\Shield\Authentication\Authenticators\Session->checkUserState()
 4 FCPATH\vendor\codeigniter4\shield\src\Auth.php(191): CodeIgniter\Shield\Authentication\Authenticators\Session->loggedIn()
 5 FCPATH\vendor\codeigniter4\shield\src\Collectors\Auth.php(76): CodeIgniter\Shield\Auth->__call('loggedIn', [])
 6 SYSTEMPATH\Debug\Toolbar\Collectors\BaseCollector.php(228): CodeIgniter\Shield\Collectors\Auth->display()
 7 SYSTEMPATH\Debug\Toolbar.php(96): CodeIgniter\Debug\Toolbar\Collectors\BaseCollector->getAsArray()
 8 SYSTEMPATH\Debug\Toolbar.php(391): CodeIgniter\Debug\Toolbar->run(1731323321.912815, 0.0534, Object(CodeIgniter\HTTP\IncomingRequest), Object(CodeIgniter\HTTP\Response))
 9 SYSTEMPATH\Filters\DebugToolbar.php(43): CodeIgniter\Debug\Toolbar->prepare(Object(CodeIgniter\HTTP\IncomingRequest), Object(CodeIgniter\HTTP\Response))
10 SYSTEMPATH\Filters\Filters.php(241): CodeIgniter\Filters\DebugToolbar->after(Object(CodeIgniter\HTTP\IncomingRequest), Object(CodeIgniter\HTTP\Response), null)
11 SYSTEMPATH\Filters\Filters.php(291): CodeIgniter\Filters\Filters->runAfter([...])
12 SYSTEMPATH\CodeIgniter.php(409): CodeIgniter\Filters\Filters->runRequired('after')
13 SYSTEMPATH\CodeIgniter.php(372): CodeIgniter\CodeIgniter->runRequiredAfterFilters(Object(CodeIgniter\Filters\Filters))
14 SYSTEMPATH\Boot.php(325): CodeIgniter\CodeIgniter->run()
15 SYSTEMPATH\Boot.php(67): CodeIgniter\Boot::runCodeIgniter(Object(CodeIgniter\CodeIgniter))
16 FCPATH\index.php(56): CodeIgniter\Boot::bootWeb(Object(Config\Paths))
CRITICAL - 2024-11-11 12:57:46 --> Error: Call to undefined function CodeIgniter\Shield\Authentication\Authenticators\setting()
[Method: GET, Route: /]
in FCPATH\vendor\codeigniter4\shield\src\Authentication\Authenticators\Session.php on line 685.
 1 FCPATH\vendor\codeigniter4\shield\src\Authentication\Authenticators\Session.php(703): CodeIgniter\Shield\Authentication\Authenticators\Session->getSessionUserInfo()
 2 FCPATH\vendor\codeigniter4\shield\src\Authentication\Authenticators\Session.php(390): CodeIgniter\Shield\Authentication\Authenticators\Session->getSessionUserKey('id')
 3 FCPATH\vendor\codeigniter4\shield\src\Authentication\Authenticators\Session.php(374): CodeIgniter\Shield\Authentication\Authenticators\Session->checkUserState()
 4 FCPATH\vendor\codeigniter4\shield\src\Auth.php(191): CodeIgniter\Shield\Authentication\Authenticators\Session->loggedIn()
 5 FCPATH\vendor\codeigniter4\shield\src\Collectors\Auth.php(76): CodeIgniter\Shield\Auth->__call('loggedIn', [])
 6 SYSTEMPATH\Debug\Toolbar\Collectors\BaseCollector.php(228): CodeIgniter\Shield\Collectors\Auth->display()
 7 SYSTEMPATH\Debug\Toolbar.php(96): CodeIgniter\Debug\Toolbar\Collectors\BaseCollector->getAsArray()
 8 SYSTEMPATH\Debug\Toolbar.php(391): CodeIgniter\Debug\Toolbar->run(1731329866.549931, 0.0683, Object(CodeIgniter\HTTP\IncomingRequest), Object(CodeIgniter\HTTP\Response))
 9 SYSTEMPATH\Filters\DebugToolbar.php(43): CodeIgniter\Debug\Toolbar->prepare(Object(CodeIgniter\HTTP\IncomingRequest), Object(CodeIgniter\HTTP\Response))
10 SYSTEMPATH\Filters\Filters.php(241): CodeIgniter\Filters\DebugToolbar->after(Object(CodeIgniter\HTTP\IncomingRequest), Object(CodeIgniter\HTTP\Response), null)
11 SYSTEMPATH\Filters\Filters.php(291): CodeIgniter\Filters\Filters->runAfter([...])
12 SYSTEMPATH\CodeIgniter.php(409): CodeIgniter\Filters\Filters->runRequired('after')
13 SYSTEMPATH\CodeIgniter.php(372): CodeIgniter\CodeIgniter->runRequiredAfterFilters(Object(CodeIgniter\Filters\Filters))
14 SYSTEMPATH\Boot.php(325): CodeIgniter\CodeIgniter->run()
15 SYSTEMPATH\Boot.php(67): CodeIgniter\Boot::runCodeIgniter(Object(CodeIgniter\CodeIgniter))
16 FCPATH\index.php(56): CodeIgniter\Boot::bootWeb(Object(Config\Paths))
CRITICAL - 2024-11-11 12:58:25 --> ErrorException: Trying to access array offset on value of type null
[Method: GET, Route: /]
in FCPATH\vendor\codeigniter4\shield\src\Authentication\Authenticators\Session.php on line 685.
 1 FCPATH\vendor\codeigniter4\shield\src\Authentication\Authenticators\Session.php(685): CodeIgniter\Debug\Exceptions->errorHandler(2, 'Trying to access array offset on value of type null', 'C:\\xampp\\htdocs\\ci_blog\\vendor\\codeigniter4\\shield\\src\\Authentication\\Authenticators\\Session.php', 685)
 2 FCPATH\vendor\codeigniter4\shield\src\Authentication\Authenticators\Session.php(703): CodeIgniter\Shield\Authentication\Authenticators\Session->getSessionUserInfo()
 3 FCPATH\vendor\codeigniter4\shield\src\Authentication\Authenticators\Session.php(390): CodeIgniter\Shield\Authentication\Authenticators\Session->getSessionUserKey('id')
 4 FCPATH\vendor\codeigniter4\shield\src\Authentication\Authenticators\Session.php(374): CodeIgniter\Shield\Authentication\Authenticators\Session->checkUserState()
 5 FCPATH\vendor\codeigniter4\shield\src\Auth.php(191): CodeIgniter\Shield\Authentication\Authenticators\Session->loggedIn()
 6 FCPATH\vendor\codeigniter4\shield\src\Collectors\Auth.php(76): CodeIgniter\Shield\Auth->__call('loggedIn', [])
 7 SYSTEMPATH\Debug\Toolbar\Collectors\BaseCollector.php(228): CodeIgniter\Shield\Collectors\Auth->display()
 8 SYSTEMPATH\Debug\Toolbar.php(96): CodeIgniter\Debug\Toolbar\Collectors\BaseCollector->getAsArray()
 9 SYSTEMPATH\Debug\Toolbar.php(391): CodeIgniter\Debug\Toolbar->run(1731329904.929196, 0.0457, Object(CodeIgniter\HTTP\IncomingRequest), Object(CodeIgniter\HTTP\Response))
10 SYSTEMPATH\Filters\DebugToolbar.php(43): CodeIgniter\Debug\Toolbar->prepare(Object(CodeIgniter\HTTP\IncomingRequest), Object(CodeIgniter\HTTP\Response))
11 SYSTEMPATH\Filters\Filters.php(241): CodeIgniter\Filters\DebugToolbar->after(Object(CodeIgniter\HTTP\IncomingRequest), Object(CodeIgniter\HTTP\Response), null)
12 SYSTEMPATH\Filters\Filters.php(291): CodeIgniter\Filters\Filters->runAfter([...])
13 SYSTEMPATH\CodeIgniter.php(409): CodeIgniter\Filters\Filters->runRequired('after')
14 SYSTEMPATH\CodeIgniter.php(372): CodeIgniter\CodeIgniter->runRequiredAfterFilters(Object(CodeIgniter\Filters\Filters))
15 SYSTEMPATH\Boot.php(325): CodeIgniter\CodeIgniter->run()
16 SYSTEMPATH\Boot.php(67): CodeIgniter\Boot::runCodeIgniter(Object(CodeIgniter\CodeIgniter))
17 FCPATH\index.php(56): CodeIgniter\Boot::bootWeb(Object(Config\Paths))
INFO - 2024-11-11 13:01:08 --> Auth config loaded: CodeIgniter\Shield\Config\Auth Object
(
    [views] => Array
        (
            [login] => \CodeIgniter\Shield\Views\login
            [register] => \CodeIgniter\Shield\Views\register
            [layout] => \CodeIgniter\Shield\Views\layout
            [action_email_2fa] => \CodeIgniter\Shield\Views\email_2fa_show
            [action_email_2fa_verify] => \CodeIgniter\Shield\Views\email_2fa_verify
            [action_email_2fa_email] => \CodeIgniter\Shield\Views\Email\email_2fa_email
            [action_email_activate_show] => \CodeIgniter\Shield\Views\email_activate_show
            [action_email_activate_email] => \CodeIgniter\Shield\Views\Email\email_activate_email
            [magic-link-login] => \CodeIgniter\Shield\Views\magic_link_form
            [magic-link-message] => \CodeIgniter\Shield\Views\magic_link_message
            [magic-link-email] => \CodeIgniter\Shield\Views\Email\magic_link_email
        )

    [redirects] => Array
        (
            [register] => /
            [login] => /
            [logout] => login
            [force_reset] => /
            [permission_denied] => /
            [group_denied] => /
        )

    [actions] => Array
        (
            [register] => 
            [login] => 
        )

    [authenticators] => Array
        (
            [tokens] => CodeIgniter\Shield\Authentication\Authenticators\AccessTokens
            [session] => CodeIgniter\Shield\Authentication\Authenticators\Session
            [hmac] => CodeIgniter\Shield\Authentication\Authenticators\HmacSha256
        )

    [defaultAuthenticator] => session
    [authenticationChain] => Array
        (
            [0] => session
            [1] => tokens
            [2] => hmac
        )

    [allowRegistration] => 1
    [recordActiveDate] => 1
    [allowMagicLinkLogins] => 1
    [magicLinkLifetime] => 3600
    [sessionConfig] => Array
        (
            [field] => user
            [allowRemembering] => 1
            [rememberCookieName] => remember
            [rememberLength] => 2592000
        )

    [usernameValidationRules] => Array
        (
            [label] => Auth.username
            [rules] => Array
                (
                    [0] => required
                    [1] => max_length[30]
                    [2] => min_length[3]
                    [3] => regex_match[/\A[a-zA-Z0-9\.]+\z/]
                )

        )

    [emailValidationRules] => Array
        (
            [label] => Auth.email
            [rules] => Array
                (
                    [0] => required
                    [1] => max_length[254]
                    [2] => valid_email
                )

        )

    [minimumPasswordLength] => 8
    [passwordValidators] => Array
        (
            [0] => CodeIgniter\Shield\Authentication\Passwords\CompositionValidator
            [1] => CodeIgniter\Shield\Authentication\Passwords\NothingPersonalValidator
            [2] => CodeIgniter\Shield\Authentication\Passwords\DictionaryValidator
        )

    [validFields] => Array
        (
            [0] => email
        )

    [personalFields] => Array
        (
        )

    [maxSimilarity] => 50
    [hashAlgorithm] => 2y
    [hashMemoryCost] => 65536
    [hashTimeCost] => 4
    [hashThreads] => 1
    [hashCost] => 12
    [DBGroup] => 
    [tables] => Array
        (
            [users] => users
            [identities] => auth_identities
            [logins] => auth_logins
            [token_logins] => auth_token_logins
            [remember_tokens] => auth_remember_tokens
            [groups_users] => auth_groups_users
            [permissions_users] => auth_permissions_users
        )

    [userProvider] => CodeIgniter\Shield\Models\UserModel
)

INFO - 2024-11-11 13:01:08 --> Session: Class initialized using 'CodeIgniter\Session\Handlers\FileHandler' driver.
CRITICAL - 2024-11-11 13:01:08 --> Error: Call to undefined function CodeIgniter\Shield\Authentication\Authenticators\setting()
[Method: GET, Route: /]
in FCPATH\vendor\codeigniter4\shield\src\Authentication\Authenticators\Session.php on line 420.
 1 FCPATH\vendor\codeigniter4\shield\src\Authentication\Authenticators\Session.php(374): CodeIgniter\Shield\Authentication\Authenticators\Session->checkUserState()
 2 FCPATH\vendor\codeigniter4\shield\src\Auth.php(191): CodeIgniter\Shield\Authentication\Authenticators\Session->loggedIn()
 3 FCPATH\vendor\codeigniter4\shield\src\Collectors\Auth.php(76): CodeIgniter\Shield\Auth->__call('loggedIn', [])
 4 SYSTEMPATH\Debug\Toolbar\Collectors\BaseCollector.php(228): CodeIgniter\Shield\Collectors\Auth->display()
 5 SYSTEMPATH\Debug\Toolbar.php(96): CodeIgniter\Debug\Toolbar\Collectors\BaseCollector->getAsArray()
 6 SYSTEMPATH\Debug\Toolbar.php(391): CodeIgniter\Debug\Toolbar->run(1731330068.782966, 0.0527, Object(CodeIgniter\HTTP\IncomingRequest), Object(CodeIgniter\HTTP\Response))
 7 SYSTEMPATH\Filters\DebugToolbar.php(43): CodeIgniter\Debug\Toolbar->prepare(Object(CodeIgniter\HTTP\IncomingRequest), Object(CodeIgniter\HTTP\Response))
 8 SYSTEMPATH\Filters\Filters.php(241): CodeIgniter\Filters\DebugToolbar->after(Object(CodeIgniter\HTTP\IncomingRequest), Object(CodeIgniter\HTTP\Response), null)
 9 SYSTEMPATH\Filters\Filters.php(291): CodeIgniter\Filters\Filters->runAfter([...])
10 SYSTEMPATH\CodeIgniter.php(409): CodeIgniter\Filters\Filters->runRequired('after')
11 SYSTEMPATH\CodeIgniter.php(372): CodeIgniter\CodeIgniter->runRequiredAfterFilters(Object(CodeIgniter\Filters\Filters))
12 SYSTEMPATH\Boot.php(325): CodeIgniter\CodeIgniter->run()
13 SYSTEMPATH\Boot.php(67): CodeIgniter\Boot::runCodeIgniter(Object(CodeIgniter\CodeIgniter))
14 FCPATH\index.php(56): CodeIgniter\Boot::bootWeb(Object(Config\Paths))
CRITICAL - 2024-11-11 13:01:42 --> ErrorException: Trying to access array offset on value of type null
[Method: GET, Route: /]
in FCPATH\vendor\codeigniter4\shield\src\Authentication\Authenticators\Session.php on line 685.
 1 FCPATH\vendor\codeigniter4\shield\src\Authentication\Authenticators\Session.php(685): CodeIgniter\Debug\Exceptions->errorHandler(2, 'Trying to access array offset on value of type null', 'C:\\xampp\\htdocs\\ci_blog\\vendor\\codeigniter4\\shield\\src\\Authentication\\Authenticators\\Session.php', 685)
 2 FCPATH\vendor\codeigniter4\shield\src\Authentication\Authenticators\Session.php(703): CodeIgniter\Shield\Authentication\Authenticators\Session->getSessionUserInfo()
 3 FCPATH\vendor\codeigniter4\shield\src\Authentication\Authenticators\Session.php(390): CodeIgniter\Shield\Authentication\Authenticators\Session->getSessionUserKey('id')
 4 FCPATH\vendor\codeigniter4\shield\src\Authentication\Authenticators\Session.php(374): CodeIgniter\Shield\Authentication\Authenticators\Session->checkUserState()
 5 FCPATH\vendor\codeigniter4\shield\src\Auth.php(191): CodeIgniter\Shield\Authentication\Authenticators\Session->loggedIn()
 6 FCPATH\vendor\codeigniter4\shield\src\Collectors\Auth.php(76): CodeIgniter\Shield\Auth->__call('loggedIn', [])
 7 SYSTEMPATH\Debug\Toolbar\Collectors\BaseCollector.php(228): CodeIgniter\Shield\Collectors\Auth->display()
 8 SYSTEMPATH\Debug\Toolbar.php(96): CodeIgniter\Debug\Toolbar\Collectors\BaseCollector->getAsArray()
 9 SYSTEMPATH\Debug\Toolbar.php(391): CodeIgniter\Debug\Toolbar->run(1731330102.076811, 0.0515, Object(CodeIgniter\HTTP\IncomingRequest), Object(CodeIgniter\HTTP\Response))
10 SYSTEMPATH\Filters\DebugToolbar.php(43): CodeIgniter\Debug\Toolbar->prepare(Object(CodeIgniter\HTTP\IncomingRequest), Object(CodeIgniter\HTTP\Response))
11 SYSTEMPATH\Filters\Filters.php(241): CodeIgniter\Filters\DebugToolbar->after(Object(CodeIgniter\HTTP\IncomingRequest), Object(CodeIgniter\HTTP\Response), null)
12 SYSTEMPATH\Filters\Filters.php(291): CodeIgniter\Filters\Filters->runAfter([...])
13 SYSTEMPATH\CodeIgniter.php(409): CodeIgniter\Filters\Filters->runRequired('after')
14 SYSTEMPATH\CodeIgniter.php(372): CodeIgniter\CodeIgniter->runRequiredAfterFilters(Object(CodeIgniter\Filters\Filters))
15 SYSTEMPATH\Boot.php(325): CodeIgniter\CodeIgniter->run()
16 SYSTEMPATH\Boot.php(67): CodeIgniter\Boot::runCodeIgniter(Object(CodeIgniter\CodeIgniter))
17 FCPATH\index.php(56): CodeIgniter\Boot::bootWeb(Object(Config\Paths))
INFO - 2024-11-11 13:02:09 --> Auth config loaded: CodeIgniter\Shield\Config\Auth Object
(
    [views] => Array
        (
            [login] => \CodeIgniter\Shield\Views\login
            [register] => \CodeIgniter\Shield\Views\register
            [layout] => \CodeIgniter\Shield\Views\layout
            [action_email_2fa] => \CodeIgniter\Shield\Views\email_2fa_show
            [action_email_2fa_verify] => \CodeIgniter\Shield\Views\email_2fa_verify
            [action_email_2fa_email] => \CodeIgniter\Shield\Views\Email\email_2fa_email
            [action_email_activate_show] => \CodeIgniter\Shield\Views\email_activate_show
            [action_email_activate_email] => \CodeIgniter\Shield\Views\Email\email_activate_email
            [magic-link-login] => \CodeIgniter\Shield\Views\magic_link_form
            [magic-link-message] => \CodeIgniter\Shield\Views\magic_link_message
            [magic-link-email] => \CodeIgniter\Shield\Views\Email\magic_link_email
        )

    [redirects] => Array
        (
            [register] => /
            [login] => /
            [logout] => login
            [force_reset] => /
            [permission_denied] => /
            [group_denied] => /
        )

    [actions] => Array
        (
            [register] => 
            [login] => 
        )

    [authenticators] => Array
        (
            [tokens] => CodeIgniter\Shield\Authentication\Authenticators\AccessTokens
            [session] => CodeIgniter\Shield\Authentication\Authenticators\Session
            [hmac] => CodeIgniter\Shield\Authentication\Authenticators\HmacSha256
        )

    [defaultAuthenticator] => session
    [authenticationChain] => Array
        (
            [0] => session
            [1] => tokens
            [2] => hmac
        )

    [allowRegistration] => 1
    [recordActiveDate] => 1
    [allowMagicLinkLogins] => 1
    [magicLinkLifetime] => 3600
    [sessionConfig] => Array
        (
            [field] => user
            [allowRemembering] => 1
            [rememberCookieName] => remember
            [rememberLength] => 2592000
        )

    [usernameValidationRules] => Array
        (
            [label] => Auth.username
            [rules] => Array
                (
                    [0] => required
                    [1] => max_length[30]
                    [2] => min_length[3]
                    [3] => regex_match[/\A[a-zA-Z0-9\.]+\z/]
                )

        )

    [emailValidationRules] => Array
        (
            [label] => Auth.email
            [rules] => Array
                (
                    [0] => required
                    [1] => max_length[254]
                    [2] => valid_email
                )

        )

    [minimumPasswordLength] => 8
    [passwordValidators] => Array
        (
            [0] => CodeIgniter\Shield\Authentication\Passwords\CompositionValidator
            [1] => CodeIgniter\Shield\Authentication\Passwords\NothingPersonalValidator
            [2] => CodeIgniter\Shield\Authentication\Passwords\DictionaryValidator
        )

    [validFields] => Array
        (
            [0] => email
        )

    [personalFields] => Array
        (
        )

    [maxSimilarity] => 50
    [hashAlgorithm] => 2y
    [hashMemoryCost] => 65536
    [hashTimeCost] => 4
    [hashThreads] => 1
    [hashCost] => 12
    [DBGroup] => 
    [tables] => Array
        (
            [users] => users
            [identities] => auth_identities
            [logins] => auth_logins
            [token_logins] => auth_token_logins
            [remember_tokens] => auth_remember_tokens
            [groups_users] => auth_groups_users
            [permissions_users] => auth_permissions_users
        )

    [userProvider] => CodeIgniter\Shield\Models\UserModel
)

INFO - 2024-11-11 13:02:09 --> Session: Class initialized using 'CodeIgniter\Session\Handlers\FileHandler' driver.
CRITICAL - 2024-11-11 13:02:09 --> ErrorException: Trying to access array offset on value of type null
[Method: GET, Route: /]
in FCPATH\vendor\codeigniter4\shield\src\Authentication\Authenticators\Session.php on line 420.
 1 FCPATH\vendor\codeigniter4\shield\src\Authentication\Authenticators\Session.php(420): CodeIgniter\Debug\Exceptions->errorHandler(2, 'Trying to access array offset on value of type null', 'C:\\xampp\\htdocs\\ci_blog\\vendor\\codeigniter4\\shield\\src\\Authentication\\Authenticators\\Session.php', 420)
 2 FCPATH\vendor\codeigniter4\shield\src\Authentication\Authenticators\Session.php(374): CodeIgniter\Shield\Authentication\Authenticators\Session->checkUserState()
 3 FCPATH\vendor\codeigniter4\shield\src\Auth.php(191): CodeIgniter\Shield\Authentication\Authenticators\Session->loggedIn()
 4 FCPATH\vendor\codeigniter4\shield\src\Collectors\Auth.php(76): CodeIgniter\Shield\Auth->__call('loggedIn', [])
 5 SYSTEMPATH\Debug\Toolbar\Collectors\BaseCollector.php(228): CodeIgniter\Shield\Collectors\Auth->display()
 6 SYSTEMPATH\Debug\Toolbar.php(96): CodeIgniter\Debug\Toolbar\Collectors\BaseCollector->getAsArray()
 7 SYSTEMPATH\Debug\Toolbar.php(391): CodeIgniter\Debug\Toolbar->run(1731330129.212718, 0.0506, Object(CodeIgniter\HTTP\IncomingRequest), Object(CodeIgniter\HTTP\Response))
 8 SYSTEMPATH\Filters\DebugToolbar.php(43): CodeIgniter\Debug\Toolbar->prepare(Object(CodeIgniter\HTTP\IncomingRequest), Object(CodeIgniter\HTTP\Response))
 9 SYSTEMPATH\Filters\Filters.php(241): CodeIgniter\Filters\DebugToolbar->after(Object(CodeIgniter\HTTP\IncomingRequest), Object(CodeIgniter\HTTP\Response), null)
10 SYSTEMPATH\Filters\Filters.php(291): CodeIgniter\Filters\Filters->runAfter([...])
11 SYSTEMPATH\CodeIgniter.php(409): CodeIgniter\Filters\Filters->runRequired('after')
12 SYSTEMPATH\CodeIgniter.php(372): CodeIgniter\CodeIgniter->runRequiredAfterFilters(Object(CodeIgniter\Filters\Filters))
13 SYSTEMPATH\Boot.php(325): CodeIgniter\CodeIgniter->run()
14 SYSTEMPATH\Boot.php(67): CodeIgniter\Boot::runCodeIgniter(Object(CodeIgniter\CodeIgniter))
15 FCPATH\index.php(56): CodeIgniter\Boot::bootWeb(Object(Config\Paths))
CRITICAL - 2024-11-11 13:03:19 --> Error: Call to undefined function CodeIgniter\Shield\Authentication\Authenticators\setting()
[Method: GET, Route: /]
in FCPATH\vendor\codeigniter4\shield\src\Authentication\Authenticators\Session.php on line 685.
 1 FCPATH\vendor\codeigniter4\shield\src\Authentication\Authenticators\Session.php(703): CodeIgniter\Shield\Authentication\Authenticators\Session->getSessionUserInfo()
 2 FCPATH\vendor\codeigniter4\shield\src\Authentication\Authenticators\Session.php(390): CodeIgniter\Shield\Authentication\Authenticators\Session->getSessionUserKey('id')
 3 FCPATH\vendor\codeigniter4\shield\src\Authentication\Authenticators\Session.php(374): CodeIgniter\Shield\Authentication\Authenticators\Session->checkUserState()
 4 FCPATH\vendor\codeigniter4\shield\src\Auth.php(191): CodeIgniter\Shield\Authentication\Authenticators\Session->loggedIn()
 5 FCPATH\vendor\codeigniter4\shield\src\Collectors\Auth.php(76): CodeIgniter\Shield\Auth->__call('loggedIn', [])
 6 SYSTEMPATH\Debug\Toolbar\Collectors\BaseCollector.php(228): CodeIgniter\Shield\Collectors\Auth->display()
 7 SYSTEMPATH\Debug\Toolbar.php(96): CodeIgniter\Debug\Toolbar\Collectors\BaseCollector->getAsArray()
 8 SYSTEMPATH\Debug\Toolbar.php(391): CodeIgniter\Debug\Toolbar->run(1731330199.746191, 0.0522, Object(CodeIgniter\HTTP\IncomingRequest), Object(CodeIgniter\HTTP\Response))
 9 SYSTEMPATH\Filters\DebugToolbar.php(43): CodeIgniter\Debug\Toolbar->prepare(Object(CodeIgniter\HTTP\IncomingRequest), Object(CodeIgniter\HTTP\Response))
10 SYSTEMPATH\Filters\Filters.php(241): CodeIgniter\Filters\DebugToolbar->after(Object(CodeIgniter\HTTP\IncomingRequest), Object(CodeIgniter\HTTP\Response), null)
11 SYSTEMPATH\Filters\Filters.php(291): CodeIgniter\Filters\Filters->runAfter([...])
12 SYSTEMPATH\CodeIgniter.php(409): CodeIgniter\Filters\Filters->runRequired('after')
13 SYSTEMPATH\CodeIgniter.php(372): CodeIgniter\CodeIgniter->runRequiredAfterFilters(Object(CodeIgniter\Filters\Filters))
14 SYSTEMPATH\Boot.php(325): CodeIgniter\CodeIgniter->run()
15 SYSTEMPATH\Boot.php(67): CodeIgniter\Boot::runCodeIgniter(Object(CodeIgniter\CodeIgniter))
16 FCPATH\index.php(56): CodeIgniter\Boot::bootWeb(Object(Config\Paths))
CRITICAL - 2024-11-11 13:06:10 --> Error: Call to undefined function CodeIgniter\Shield\Authentication\Authenticators\setting()
[Method: GET, Route: /]
in FCPATH\vendor\codeigniter4\shield\src\Authentication\Authenticators\Session.php on line 685.
 1 FCPATH\vendor\codeigniter4\shield\src\Authentication\Authenticators\Session.php(703): CodeIgniter\Shield\Authentication\Authenticators\Session->getSessionUserInfo()
 2 FCPATH\vendor\codeigniter4\shield\src\Authentication\Authenticators\Session.php(390): CodeIgniter\Shield\Authentication\Authenticators\Session->getSessionUserKey('id')
 3 FCPATH\vendor\codeigniter4\shield\src\Authentication\Authenticators\Session.php(374): CodeIgniter\Shield\Authentication\Authenticators\Session->checkUserState()
 4 FCPATH\vendor\codeigniter4\shield\src\Auth.php(191): CodeIgniter\Shield\Authentication\Authenticators\Session->loggedIn()
 5 FCPATH\vendor\codeigniter4\shield\src\Collectors\Auth.php(76): CodeIgniter\Shield\Auth->__call('loggedIn', [])
 6 SYSTEMPATH\Debug\Toolbar\Collectors\BaseCollector.php(228): CodeIgniter\Shield\Collectors\Auth->display()
 7 SYSTEMPATH\Debug\Toolbar.php(96): CodeIgniter\Debug\Toolbar\Collectors\BaseCollector->getAsArray()
 8 SYSTEMPATH\Debug\Toolbar.php(391): CodeIgniter\Debug\Toolbar->run(1731330370.060111, 0.0493, Object(CodeIgniter\HTTP\IncomingRequest), Object(CodeIgniter\HTTP\Response))
 9 SYSTEMPATH\Filters\DebugToolbar.php(43): CodeIgniter\Debug\Toolbar->prepare(Object(CodeIgniter\HTTP\IncomingRequest), Object(CodeIgniter\HTTP\Response))
10 SYSTEMPATH\Filters\Filters.php(241): CodeIgniter\Filters\DebugToolbar->after(Object(CodeIgniter\HTTP\IncomingRequest), Object(CodeIgniter\HTTP\Response), null)
11 SYSTEMPATH\Filters\Filters.php(291): CodeIgniter\Filters\Filters->runAfter([...])
12 SYSTEMPATH\CodeIgniter.php(409): CodeIgniter\Filters\Filters->runRequired('after')
13 SYSTEMPATH\CodeIgniter.php(372): CodeIgniter\CodeIgniter->runRequiredAfterFilters(Object(CodeIgniter\Filters\Filters))
14 SYSTEMPATH\Boot.php(325): CodeIgniter\CodeIgniter->run()
15 SYSTEMPATH\Boot.php(67): CodeIgniter\Boot::runCodeIgniter(Object(CodeIgniter\CodeIgniter))
16 FCPATH\index.php(56): CodeIgniter\Boot::bootWeb(Object(Config\Paths))
CRITICAL - 2024-11-11 13:06:11 --> Error: Call to undefined function CodeIgniter\Shield\Authentication\Authenticators\setting()
[Method: GET, Route: /]
in FCPATH\vendor\codeigniter4\shield\src\Authentication\Authenticators\Session.php on line 685.
 1 FCPATH\vendor\codeigniter4\shield\src\Authentication\Authenticators\Session.php(703): CodeIgniter\Shield\Authentication\Authenticators\Session->getSessionUserInfo()
 2 FCPATH\vendor\codeigniter4\shield\src\Authentication\Authenticators\Session.php(390): CodeIgniter\Shield\Authentication\Authenticators\Session->getSessionUserKey('id')
 3 FCPATH\vendor\codeigniter4\shield\src\Authentication\Authenticators\Session.php(374): CodeIgniter\Shield\Authentication\Authenticators\Session->checkUserState()
 4 FCPATH\vendor\codeigniter4\shield\src\Auth.php(191): CodeIgniter\Shield\Authentication\Authenticators\Session->loggedIn()
 5 FCPATH\vendor\codeigniter4\shield\src\Collectors\Auth.php(76): CodeIgniter\Shield\Auth->__call('loggedIn', [])
 6 SYSTEMPATH\Debug\Toolbar\Collectors\BaseCollector.php(228): CodeIgniter\Shield\Collectors\Auth->display()
 7 SYSTEMPATH\Debug\Toolbar.php(96): CodeIgniter\Debug\Toolbar\Collectors\BaseCollector->getAsArray()
 8 SYSTEMPATH\Debug\Toolbar.php(391): CodeIgniter\Debug\Toolbar->run(1731330371.300974, 0.05, Object(CodeIgniter\HTTP\IncomingRequest), Object(CodeIgniter\HTTP\Response))
 9 SYSTEMPATH\Filters\DebugToolbar.php(43): CodeIgniter\Debug\Toolbar->prepare(Object(CodeIgniter\HTTP\IncomingRequest), Object(CodeIgniter\HTTP\Response))
10 SYSTEMPATH\Filters\Filters.php(241): CodeIgniter\Filters\DebugToolbar->after(Object(CodeIgniter\HTTP\IncomingRequest), Object(CodeIgniter\HTTP\Response), null)
11 SYSTEMPATH\Filters\Filters.php(291): CodeIgniter\Filters\Filters->runAfter([...])
12 SYSTEMPATH\CodeIgniter.php(409): CodeIgniter\Filters\Filters->runRequired('after')
13 SYSTEMPATH\CodeIgniter.php(372): CodeIgniter\CodeIgniter->runRequiredAfterFilters(Object(CodeIgniter\Filters\Filters))
14 SYSTEMPATH\Boot.php(325): CodeIgniter\CodeIgniter->run()
15 SYSTEMPATH\Boot.php(67): CodeIgniter\Boot::runCodeIgniter(Object(CodeIgniter\CodeIgniter))
16 FCPATH\index.php(56): CodeIgniter\Boot::bootWeb(Object(Config\Paths))
CRITICAL - 2024-11-11 13:06:13 --> Error: Call to undefined function CodeIgniter\Shield\Authentication\Authenticators\setting()
[Method: GET, Route: /]
in FCPATH\vendor\codeigniter4\shield\src\Authentication\Authenticators\Session.php on line 685.
 1 FCPATH\vendor\codeigniter4\shield\src\Authentication\Authenticators\Session.php(703): CodeIgniter\Shield\Authentication\Authenticators\Session->getSessionUserInfo()
 2 FCPATH\vendor\codeigniter4\shield\src\Authentication\Authenticators\Session.php(390): CodeIgniter\Shield\Authentication\Authenticators\Session->getSessionUserKey('id')
 3 FCPATH\vendor\codeigniter4\shield\src\Authentication\Authenticators\Session.php(374): CodeIgniter\Shield\Authentication\Authenticators\Session->checkUserState()
 4 FCPATH\vendor\codeigniter4\shield\src\Auth.php(191): CodeIgniter\Shield\Authentication\Authenticators\Session->loggedIn()
 5 FCPATH\vendor\codeigniter4\shield\src\Collectors\Auth.php(76): CodeIgniter\Shield\Auth->__call('loggedIn', [])
 6 SYSTEMPATH\Debug\Toolbar\Collectors\BaseCollector.php(228): CodeIgniter\Shield\Collectors\Auth->display()
 7 SYSTEMPATH\Debug\Toolbar.php(96): CodeIgniter\Debug\Toolbar\Collectors\BaseCollector->getAsArray()
 8 SYSTEMPATH\Debug\Toolbar.php(391): CodeIgniter\Debug\Toolbar->run(1731330372.984174, 0.05, Object(CodeIgniter\HTTP\IncomingRequest), Object(CodeIgniter\HTTP\Response))
 9 SYSTEMPATH\Filters\DebugToolbar.php(43): CodeIgniter\Debug\Toolbar->prepare(Object(CodeIgniter\HTTP\IncomingRequest), Object(CodeIgniter\HTTP\Response))
10 SYSTEMPATH\Filters\Filters.php(241): CodeIgniter\Filters\DebugToolbar->after(Object(CodeIgniter\HTTP\IncomingRequest), Object(CodeIgniter\HTTP\Response), null)
11 SYSTEMPATH\Filters\Filters.php(291): CodeIgniter\Filters\Filters->runAfter([...])
12 SYSTEMPATH\CodeIgniter.php(409): CodeIgniter\Filters\Filters->runRequired('after')
13 SYSTEMPATH\CodeIgniter.php(372): CodeIgniter\CodeIgniter->runRequiredAfterFilters(Object(CodeIgniter\Filters\Filters))
14 SYSTEMPATH\Boot.php(325): CodeIgniter\CodeIgniter->run()
15 SYSTEMPATH\Boot.php(67): CodeIgniter\Boot::runCodeIgniter(Object(CodeIgniter\CodeIgniter))
16 FCPATH\index.php(56): CodeIgniter\Boot::bootWeb(Object(Config\Paths))
INFO - 2024-11-11 13:12:33 --> Session: Class initialized using 'CodeIgniter\Session\Handlers\FileHandler' driver.
INFO - 2024-11-11 13:12:34 --> Session: Class initialized using 'CodeIgniter\Session\Handlers\FileHandler' driver.
